
*** Running vivado
    with args -log design_1_wrapper.vds -m64 -product Vivado -mode batch -messageDb vivado.pb -notrace -source design_1_wrapper.tcl


****** Vivado v2019.1 (64-bit)
  **** SW Build 2552052 on Fri May 24 14:49:42 MDT 2019
  **** IP Build 2548770 on Fri May 24 18:01:18 MDT 2019
    ** Copyright 1986-2019 Xilinx, Inc. All Rights Reserved.

source design_1_wrapper.tcl -notrace
INFO: [IP_Flow 19-234] Refreshing IP repositories
INFO: [IP_Flow 19-1704] No user IP repositories specified
INFO: [IP_Flow 19-2313] Loaded Vivado IP repository 'C:/Xilinx/Vivado/2019.1/data/ip'.
Command: synth_design -top design_1_wrapper -part xc7a50tcsg324-2
Starting synth_design
Attempting to get a license for feature 'Synthesis' and/or device 'xc7a50t'
INFO: [Common 17-349] Got license for feature 'Synthesis' and/or device 'xc7a50t'
INFO: [Device 21-403] Loading part xc7a50tcsg324-2
INFO: Launching helper process for spawning children vivado processes
INFO: Helper process launched with PID 17172 
---------------------------------------------------------------------------------
Starting RTL Elaboration : Time (s): cpu = 00:00:04 ; elapsed = 00:00:04 . Memory (MB): peak = 723.867 ; gain = 177.246
---------------------------------------------------------------------------------
INFO: [Synth 8-6157] synthesizing module 'design_1_wrapper' [C:/Users/y.hei/Desktop/Test_Again/project_1/project_1.srcs/sources_1/bd/design_1/hdl/design_1_wrapper.v:12]
INFO: [Synth 8-6157] synthesizing module 'design_1' [C:/Users/y.hei/Desktop/Test_Again/project_1/project_1.srcs/sources_1/bd/design_1/synth/design_1.v:13]
INFO: [Synth 8-6157] synthesizing module 'design_1_axi_uartlite_0_0' [C:/Users/y.hei/Desktop/Test_Again/project_1/project_1.runs/synth_1/.Xil/Vivado-7640-tpt480s-hei/realtime/design_1_axi_uartlite_0_0_stub.v:6]
INFO: [Synth 8-6155] done synthesizing module 'design_1_axi_uartlite_0_0' (1#1) [C:/Users/y.hei/Desktop/Test_Again/project_1/project_1.runs/synth_1/.Xil/Vivado-7640-tpt480s-hei/realtime/design_1_axi_uartlite_0_0_stub.v:6]
WARNING: [Synth 8-7023] instance 'axi_uartlite_0' of module 'design_1_axi_uartlite_0_0' has 22 connections declared, but only 21 given [C:/Users/y.hei/Desktop/Test_Again/project_1/project_1.srcs/sources_1/bd/design_1/synth/design_1.v:108]
INFO: [Synth 8-6157] synthesizing module 'design_1_clk_wiz_1_0' [C:/Users/y.hei/Desktop/Test_Again/project_1/project_1.runs/synth_1/.Xil/Vivado-7640-tpt480s-hei/realtime/design_1_clk_wiz_1_0_stub.v:5]
INFO: [Synth 8-6155] done synthesizing module 'design_1_clk_wiz_1_0' (2#1) [C:/Users/y.hei/Desktop/Test_Again/project_1/project_1.runs/synth_1/.Xil/Vivado-7640-tpt480s-hei/realtime/design_1_clk_wiz_1_0_stub.v:5]
INFO: [Synth 8-6157] synthesizing module 'design_1_mdm_1_0' [C:/Users/y.hei/Desktop/Test_Again/project_1/project_1.runs/synth_1/.Xil/Vivado-7640-tpt480s-hei/realtime/design_1_mdm_1_0_stub.v:6]
INFO: [Synth 8-6155] done synthesizing module 'design_1_mdm_1_0' (3#1) [C:/Users/y.hei/Desktop/Test_Again/project_1/project_1.runs/synth_1/.Xil/Vivado-7640-tpt480s-hei/realtime/design_1_mdm_1_0_stub.v:6]
INFO: [Synth 8-6157] synthesizing module 'design_1_microblaze_0_0' [C:/Users/y.hei/Desktop/Test_Again/project_1/project_1.runs/synth_1/.Xil/Vivado-7640-tpt480s-hei/realtime/design_1_microblaze_0_0_stub.v:6]
INFO: [Synth 8-6155] done synthesizing module 'design_1_microblaze_0_0' (4#1) [C:/Users/y.hei/Desktop/Test_Again/project_1/project_1.runs/synth_1/.Xil/Vivado-7640-tpt480s-hei/realtime/design_1_microblaze_0_0_stub.v:6]
WARNING: [Synth 8-7023] instance 'microblaze_0' of module 'design_1_microblaze_0_0' has 52 connections declared, but only 49 given [C:/Users/y.hei/Desktop/Test_Again/project_1/project_1.srcs/sources_1/bd/design_1/synth/design_1.v:149]
INFO: [Synth 8-6157] synthesizing module 'design_1_microblaze_0_axi_periph_0' [C:/Users/y.hei/Desktop/Test_Again/project_1/project_1.srcs/sources_1/bd/design_1/synth/design_1.v:273]
INFO: [Synth 8-6157] synthesizing module 's00_couplers_imp_1RZP34U' [C:/Users/y.hei/Desktop/Test_Again/project_1/project_1.srcs/sources_1/bd/design_1/synth/design_1.v:707]
INFO: [Synth 8-6155] done synthesizing module 's00_couplers_imp_1RZP34U' (5#1) [C:/Users/y.hei/Desktop/Test_Again/project_1/project_1.srcs/sources_1/bd/design_1/synth/design_1.v:707]
INFO: [Synth 8-6155] done synthesizing module 'design_1_microblaze_0_axi_periph_0' (6#1) [C:/Users/y.hei/Desktop/Test_Again/project_1/project_1.srcs/sources_1/bd/design_1/synth/design_1.v:273]
INFO: [Synth 8-6157] synthesizing module 'microblaze_0_local_memory_imp_1K0VQXK' [C:/Users/y.hei/Desktop/Test_Again/project_1/project_1.srcs/sources_1/bd/design_1/synth/design_1.v:473]
INFO: [Synth 8-6157] synthesizing module 'design_1_dlmb_bram_if_cntlr_0' [C:/Users/y.hei/Desktop/Test_Again/project_1/project_1.runs/synth_1/.Xil/Vivado-7640-tpt480s-hei/realtime/design_1_dlmb_bram_if_cntlr_0_stub.v:6]
INFO: [Synth 8-6155] done synthesizing module 'design_1_dlmb_bram_if_cntlr_0' (7#1) [C:/Users/y.hei/Desktop/Test_Again/project_1/project_1.runs/synth_1/.Xil/Vivado-7640-tpt480s-hei/realtime/design_1_dlmb_bram_if_cntlr_0_stub.v:6]
INFO: [Synth 8-6157] synthesizing module 'design_1_dlmb_v10_0' [C:/Users/y.hei/Desktop/Test_Again/project_1/project_1.runs/synth_1/.Xil/Vivado-7640-tpt480s-hei/realtime/design_1_dlmb_v10_0_stub.v:6]
INFO: [Synth 8-6155] done synthesizing module 'design_1_dlmb_v10_0' (8#1) [C:/Users/y.hei/Desktop/Test_Again/project_1/project_1.runs/synth_1/.Xil/Vivado-7640-tpt480s-hei/realtime/design_1_dlmb_v10_0_stub.v:6]
WARNING: [Synth 8-7023] instance 'dlmb_v10' of module 'design_1_dlmb_v10_0' has 25 connections declared, but only 24 given [C:/Users/y.hei/Desktop/Test_Again/project_1/project_1.srcs/sources_1/bd/design_1/synth/design_1.v:619]
INFO: [Synth 8-6157] synthesizing module 'design_1_ilmb_bram_if_cntlr_0' [C:/Users/y.hei/Desktop/Test_Again/project_1/project_1.runs/synth_1/.Xil/Vivado-7640-tpt480s-hei/realtime/design_1_ilmb_bram_if_cntlr_0_stub.v:6]
INFO: [Synth 8-6155] done synthesizing module 'design_1_ilmb_bram_if_cntlr_0' (9#1) [C:/Users/y.hei/Desktop/Test_Again/project_1/project_1.runs/synth_1/.Xil/Vivado-7640-tpt480s-hei/realtime/design_1_ilmb_bram_if_cntlr_0_stub.v:6]
INFO: [Synth 8-6157] synthesizing module 'design_1_ilmb_v10_0' [C:/Users/y.hei/Desktop/Test_Again/project_1/project_1.runs/synth_1/.Xil/Vivado-7640-tpt480s-hei/realtime/design_1_ilmb_v10_0_stub.v:6]
INFO: [Synth 8-6155] done synthesizing module 'design_1_ilmb_v10_0' (10#1) [C:/Users/y.hei/Desktop/Test_Again/project_1/project_1.runs/synth_1/.Xil/Vivado-7640-tpt480s-hei/realtime/design_1_ilmb_v10_0_stub.v:6]
WARNING: [Synth 8-7023] instance 'ilmb_v10' of module 'design_1_ilmb_v10_0' has 25 connections declared, but only 24 given [C:/Users/y.hei/Desktop/Test_Again/project_1/project_1.srcs/sources_1/bd/design_1/synth/design_1.v:665]
INFO: [Synth 8-6157] synthesizing module 'design_1_lmb_bram_0' [C:/Users/y.hei/Desktop/Test_Again/project_1/project_1.runs/synth_1/.Xil/Vivado-7640-tpt480s-hei/realtime/design_1_lmb_bram_0_stub.v:6]
INFO: [Synth 8-6155] done synthesizing module 'design_1_lmb_bram_0' (11#1) [C:/Users/y.hei/Desktop/Test_Again/project_1/project_1.runs/synth_1/.Xil/Vivado-7640-tpt480s-hei/realtime/design_1_lmb_bram_0_stub.v:6]
WARNING: [Synth 8-7023] instance 'lmb_bram' of module 'design_1_lmb_bram_0' has 16 connections declared, but only 14 given [C:/Users/y.hei/Desktop/Test_Again/project_1/project_1.srcs/sources_1/bd/design_1/synth/design_1.v:690]
INFO: [Synth 8-6155] done synthesizing module 'microblaze_0_local_memory_imp_1K0VQXK' (12#1) [C:/Users/y.hei/Desktop/Test_Again/project_1/project_1.srcs/sources_1/bd/design_1/synth/design_1.v:473]
INFO: [Synth 8-6157] synthesizing module 'design_1_rst_clk_wiz_1_100M_0' [C:/Users/y.hei/Desktop/Test_Again/project_1/project_1.runs/synth_1/.Xil/Vivado-7640-tpt480s-hei/realtime/design_1_rst_clk_wiz_1_100M_0_stub.v:6]
INFO: [Synth 8-6155] done synthesizing module 'design_1_rst_clk_wiz_1_100M_0' (13#1) [C:/Users/y.hei/Desktop/Test_Again/project_1/project_1.runs/synth_1/.Xil/Vivado-7640-tpt480s-hei/realtime/design_1_rst_clk_wiz_1_100M_0_stub.v:6]
WARNING: [Synth 8-7023] instance 'rst_clk_wiz_1_100M' of module 'design_1_rst_clk_wiz_1_100M_0' has 10 connections declared, but only 8 given [C:/Users/y.hei/Desktop/Test_Again/project_1/project_1.srcs/sources_1/bd/design_1/synth/design_1.v:262]
INFO: [Synth 8-6155] done synthesizing module 'design_1' (14#1) [C:/Users/y.hei/Desktop/Test_Again/project_1/project_1.srcs/sources_1/bd/design_1/synth/design_1.v:13]
INFO: [Synth 8-6155] done synthesizing module 'design_1_wrapper' (15#1) [C:/Users/y.hei/Desktop/Test_Again/project_1/project_1.srcs/sources_1/bd/design_1/hdl/design_1_wrapper.v:12]
WARNING: [Synth 8-3331] design s00_couplers_imp_1RZP34U has unconnected port M_ACLK
WARNING: [Synth 8-3331] design s00_couplers_imp_1RZP34U has unconnected port M_ARESETN
WARNING: [Synth 8-3331] design s00_couplers_imp_1RZP34U has unconnected port S_ACLK
WARNING: [Synth 8-3331] design s00_couplers_imp_1RZP34U has unconnected port S_ARESETN
WARNING: [Synth 8-3331] design design_1_microblaze_0_axi_periph_0 has unconnected port ACLK
WARNING: [Synth 8-3331] design design_1_microblaze_0_axi_periph_0 has unconnected port ARESETN
---------------------------------------------------------------------------------
Finished RTL Elaboration : Time (s): cpu = 00:00:05 ; elapsed = 00:00:05 . Memory (MB): peak = 790.809 ; gain = 244.188
---------------------------------------------------------------------------------

Report Check Netlist: 
+------+------------------+-------+---------+-------+------------------+
|      |Item              |Errors |Warnings |Status |Description       |
+------+------------------+-------+---------+-------+------------------+
|1     |multi_driven_nets |      0|        0|Passed |Multi driven nets |
+------+------------------+-------+---------+-------+------------------+
---------------------------------------------------------------------------------
Start Handling Custom Attributes
---------------------------------------------------------------------------------
---------------------------------------------------------------------------------
Finished Handling Custom Attributes : Time (s): cpu = 00:00:05 ; elapsed = 00:00:05 . Memory (MB): peak = 790.809 ; gain = 244.188
---------------------------------------------------------------------------------
---------------------------------------------------------------------------------
Finished RTL Optimization Phase 1 : Time (s): cpu = 00:00:05 ; elapsed = 00:00:05 . Memory (MB): peak = 790.809 ; gain = 244.188
---------------------------------------------------------------------------------
INFO: [Project 1-570] Preparing netlist for logic optimization

Processing XDC Constraints
Initializing timing engine
Parsing XDC File [c:/Users/y.hei/Desktop/Test_Again/project_1/project_1.srcs/sources_1/bd/design_1/ip/design_1_microblaze_0_0/design_1_microblaze_0_0/design_1_microblaze_0_0_in_context.xdc] for cell 'design_1_i/microblaze_0'
Finished Parsing XDC File [c:/Users/y.hei/Desktop/Test_Again/project_1/project_1.srcs/sources_1/bd/design_1/ip/design_1_microblaze_0_0/design_1_microblaze_0_0/design_1_microblaze_0_0_in_context.xdc] for cell 'design_1_i/microblaze_0'
Parsing XDC File [c:/Users/y.hei/Desktop/Test_Again/project_1/project_1.srcs/sources_1/bd/design_1/ip/design_1_dlmb_v10_0/design_1_dlmb_v10_0/design_1_dlmb_v10_0_in_context.xdc] for cell 'design_1_i/microblaze_0_local_memory/dlmb_v10'
Finished Parsing XDC File [c:/Users/y.hei/Desktop/Test_Again/project_1/project_1.srcs/sources_1/bd/design_1/ip/design_1_dlmb_v10_0/design_1_dlmb_v10_0/design_1_dlmb_v10_0_in_context.xdc] for cell 'design_1_i/microblaze_0_local_memory/dlmb_v10'
Parsing XDC File [c:/Users/y.hei/Desktop/Test_Again/project_1/project_1.srcs/sources_1/bd/design_1/ip/design_1_ilmb_v10_0/design_1_ilmb_v10_0/design_1_dlmb_v10_0_in_context.xdc] for cell 'design_1_i/microblaze_0_local_memory/ilmb_v10'
Finished Parsing XDC File [c:/Users/y.hei/Desktop/Test_Again/project_1/project_1.srcs/sources_1/bd/design_1/ip/design_1_ilmb_v10_0/design_1_ilmb_v10_0/design_1_dlmb_v10_0_in_context.xdc] for cell 'design_1_i/microblaze_0_local_memory/ilmb_v10'
Parsing XDC File [c:/Users/y.hei/Desktop/Test_Again/project_1/project_1.srcs/sources_1/bd/design_1/ip/design_1_dlmb_bram_if_cntlr_0/design_1_dlmb_bram_if_cntlr_0/design_1_dlmb_bram_if_cntlr_0_in_context.xdc] for cell 'design_1_i/microblaze_0_local_memory/dlmb_bram_if_cntlr'
Finished Parsing XDC File [c:/Users/y.hei/Desktop/Test_Again/project_1/project_1.srcs/sources_1/bd/design_1/ip/design_1_dlmb_bram_if_cntlr_0/design_1_dlmb_bram_if_cntlr_0/design_1_dlmb_bram_if_cntlr_0_in_context.xdc] for cell 'design_1_i/microblaze_0_local_memory/dlmb_bram_if_cntlr'
Parsing XDC File [c:/Users/y.hei/Desktop/Test_Again/project_1/project_1.srcs/sources_1/bd/design_1/ip/design_1_ilmb_bram_if_cntlr_0/design_1_ilmb_bram_if_cntlr_0/design_1_ilmb_bram_if_cntlr_0_in_context.xdc] for cell 'design_1_i/microblaze_0_local_memory/ilmb_bram_if_cntlr'
Finished Parsing XDC File [c:/Users/y.hei/Desktop/Test_Again/project_1/project_1.srcs/sources_1/bd/design_1/ip/design_1_ilmb_bram_if_cntlr_0/design_1_ilmb_bram_if_cntlr_0/design_1_ilmb_bram_if_cntlr_0_in_context.xdc] for cell 'design_1_i/microblaze_0_local_memory/ilmb_bram_if_cntlr'
Parsing XDC File [c:/Users/y.hei/Desktop/Test_Again/project_1/project_1.srcs/sources_1/bd/design_1/ip/design_1_lmb_bram_0/design_1_lmb_bram_0/design_1_lmb_bram_0_in_context.xdc] for cell 'design_1_i/microblaze_0_local_memory/lmb_bram'
Finished Parsing XDC File [c:/Users/y.hei/Desktop/Test_Again/project_1/project_1.srcs/sources_1/bd/design_1/ip/design_1_lmb_bram_0/design_1_lmb_bram_0/design_1_lmb_bram_0_in_context.xdc] for cell 'design_1_i/microblaze_0_local_memory/lmb_bram'
Parsing XDC File [c:/Users/y.hei/Desktop/Test_Again/project_1/project_1.srcs/sources_1/bd/design_1/ip/design_1_mdm_1_0/design_1_mdm_1_0/design_1_mdm_1_0_in_context.xdc] for cell 'design_1_i/mdm_1'
Finished Parsing XDC File [c:/Users/y.hei/Desktop/Test_Again/project_1/project_1.srcs/sources_1/bd/design_1/ip/design_1_mdm_1_0/design_1_mdm_1_0/design_1_mdm_1_0_in_context.xdc] for cell 'design_1_i/mdm_1'
Parsing XDC File [c:/Users/y.hei/Desktop/Test_Again/project_1/project_1.srcs/sources_1/bd/design_1/ip/design_1_clk_wiz_1_0/design_1_clk_wiz_1_0/design_1_clk_wiz_1_0_in_context.xdc] for cell 'design_1_i/clk_wiz_1'
Finished Parsing XDC File [c:/Users/y.hei/Desktop/Test_Again/project_1/project_1.srcs/sources_1/bd/design_1/ip/design_1_clk_wiz_1_0/design_1_clk_wiz_1_0/design_1_clk_wiz_1_0_in_context.xdc] for cell 'design_1_i/clk_wiz_1'
Parsing XDC File [c:/Users/y.hei/Desktop/Test_Again/project_1/project_1.srcs/sources_1/bd/design_1/ip/design_1_rst_clk_wiz_1_100M_0/design_1_rst_clk_wiz_1_100M_0/design_1_rst_clk_wiz_1_100M_0_in_context.xdc] for cell 'design_1_i/rst_clk_wiz_1_100M'
Finished Parsing XDC File [c:/Users/y.hei/Desktop/Test_Again/project_1/project_1.srcs/sources_1/bd/design_1/ip/design_1_rst_clk_wiz_1_100M_0/design_1_rst_clk_wiz_1_100M_0/design_1_rst_clk_wiz_1_100M_0_in_context.xdc] for cell 'design_1_i/rst_clk_wiz_1_100M'
Parsing XDC File [c:/Users/y.hei/Desktop/Test_Again/project_1/project_1.srcs/sources_1/bd/design_1/ip/design_1_axi_uartlite_0_0/design_1_axi_uartlite_0_0/design_1_axi_uartlite_0_0_in_context.xdc] for cell 'design_1_i/axi_uartlite_0'
Finished Parsing XDC File [c:/Users/y.hei/Desktop/Test_Again/project_1/project_1.srcs/sources_1/bd/design_1/ip/design_1_axi_uartlite_0_0/design_1_axi_uartlite_0_0/design_1_axi_uartlite_0_0_in_context.xdc] for cell 'design_1_i/axi_uartlite_0'
Parsing XDC File [C:/Users/y.hei/Desktop/Test_Again/project_1/project_1.srcs/constrs_1/new/1.xdc]
WARNING: [Vivado 12-507] No nets matched 'design_1_i/clk_wiz_1/inst/clk_in1_design_1_clk_wiz_1_0'. [C:/Users/y.hei/Desktop/Test_Again/project_1/project_1.srcs/constrs_1/new/1.xdc:13]
Finished Parsing XDC File [C:/Users/y.hei/Desktop/Test_Again/project_1/project_1.srcs/constrs_1/new/1.xdc]
WARNING: [Project 1-498] One or more constraints failed evaluation while reading constraint file [C:/Users/y.hei/Desktop/Test_Again/project_1/project_1.srcs/constrs_1/new/1.xdc] and the design contains unresolved black boxes. These constraints will be read post-synthesis (as long as their source constraint file is marked as used_in_implementation) and should be applied correctly then. You should review the constraints listed in the file [.Xil/design_1_wrapper_propImpl.xdc] and check the run log file to verify that these constraints were correctly applied.
INFO: [Project 1-236] Implementation specific constraints were found while reading constraint file [C:/Users/y.hei/Desktop/Test_Again/project_1/project_1.srcs/constrs_1/new/1.xdc]. These constraints will be ignored for synthesis but will be used in implementation. Impacted constraints are listed in the file [.Xil/design_1_wrapper_propImpl.xdc].
Resolution: To avoid this warning, move constraints listed in [.Xil/design_1_wrapper_propImpl.xdc] to another XDC file and exclude this new file from synthesis with the used_in_synthesis property (File Properties dialog in GUI) and re-run elaboration/synthesis.
Parsing XDC File [C:/Users/y.hei/Desktop/Test_Again/project_1/project_1.runs/synth_1/dont_touch.xdc]
Finished Parsing XDC File [C:/Users/y.hei/Desktop/Test_Again/project_1/project_1.runs/synth_1/dont_touch.xdc]
Completed Processing XDC Constraints

Netlist sorting complete. Time (s): cpu = 00:00:00 ; elapsed = 00:00:00 . Memory (MB): peak = 874.637 ; gain = 0.000
INFO: [Project 1-111] Unisim Transformation Summary:
No Unisim elements were transformed.

Constraint Validation Runtime : Time (s): cpu = 00:00:00 ; elapsed = 00:00:00.013 . Memory (MB): peak = 874.637 ; gain = 0.000
WARNING: [Timing 38-316] Clock period '20.000' specified during out-of-context synthesis of instance 'design_1_i/microblaze_0_local_memory/lmb_bram' at clock pin 'clka' is different from the actual clock period '10.000', this can lead to different synthesis results.
---------------------------------------------------------------------------------
Finished Constraint Validation : Time (s): cpu = 00:00:11 ; elapsed = 00:00:12 . Memory (MB): peak = 876.633 ; gain = 330.012
---------------------------------------------------------------------------------
---------------------------------------------------------------------------------
Start Loading Part and Timing Information
---------------------------------------------------------------------------------
Loading part: xc7a50tcsg324-2
---------------------------------------------------------------------------------
Finished Loading Part and Timing Information : Time (s): cpu = 00:00:11 ; elapsed = 00:00:12 . Memory (MB): peak = 876.633 ; gain = 330.012
---------------------------------------------------------------------------------
---------------------------------------------------------------------------------
Start Applying 'set_property' XDC Constraints
---------------------------------------------------------------------------------
Applied set_property IO_BUFFER_TYPE = NONE for diff_clock_rtl_0_clk_n. (constraint file  c:/Users/y.hei/Desktop/Test_Again/project_1/project_1.srcs/sources_1/bd/design_1/ip/design_1_clk_wiz_1_0/design_1_clk_wiz_1_0/design_1_clk_wiz_1_0_in_context.xdc, line 3).
Applied set_property CLOCK_BUFFER_TYPE = NONE for diff_clock_rtl_0_clk_n. (constraint file  c:/Users/y.hei/Desktop/Test_Again/project_1/project_1.srcs/sources_1/bd/design_1/ip/design_1_clk_wiz_1_0/design_1_clk_wiz_1_0/design_1_clk_wiz_1_0_in_context.xdc, line 4).
Applied set_property IO_BUFFER_TYPE = NONE for diff_clock_rtl_0_clk_p. (constraint file  c:/Users/y.hei/Desktop/Test_Again/project_1/project_1.srcs/sources_1/bd/design_1/ip/design_1_clk_wiz_1_0/design_1_clk_wiz_1_0/design_1_clk_wiz_1_0_in_context.xdc, line 5).
Applied set_property CLOCK_BUFFER_TYPE = NONE for diff_clock_rtl_0_clk_p. (constraint file  c:/Users/y.hei/Desktop/Test_Again/project_1/project_1.srcs/sources_1/bd/design_1/ip/design_1_clk_wiz_1_0/design_1_clk_wiz_1_0/design_1_clk_wiz_1_0_in_context.xdc, line 6).
Applied set_property DONT_TOUCH = true for design_1_i. (constraint file  auto generated constraint, line ).
Applied set_property DONT_TOUCH = true for design_1_i/microblaze_0. (constraint file  auto generated constraint, line ).
Applied set_property DONT_TOUCH = true for design_1_i/microblaze_0_local_memory/dlmb_v10. (constraint file  auto generated constraint, line ).
Applied set_property DONT_TOUCH = true for design_1_i/microblaze_0_local_memory/ilmb_v10. (constraint file  auto generated constraint, line ).
Applied set_property DONT_TOUCH = true for design_1_i/microblaze_0_local_memory/dlmb_bram_if_cntlr. (constraint file  auto generated constraint, line ).
Applied set_property DONT_TOUCH = true for design_1_i/microblaze_0_local_memory/ilmb_bram_if_cntlr. (constraint file  auto generated constraint, line ).
Applied set_property DONT_TOUCH = true for design_1_i/microblaze_0_local_memory/lmb_bram. (constraint file  auto generated constraint, line ).
Applied set_property DONT_TOUCH = true for design_1_i/mdm_1. (constraint file  auto generated constraint, line ).
Applied set_property DONT_TOUCH = true for design_1_i/clk_wiz_1. (constraint file  auto generated constraint, line ).
Applied set_property DONT_TOUCH = true for design_1_i/rst_clk_wiz_1_100M. (constraint file  auto generated constraint, line ).
Applied set_property DONT_TOUCH = true for design_1_i/axi_uartlite_0. (constraint file  auto generated constraint, line ).
Applied set_property DONT_TOUCH = true for design_1_i/microblaze_0_axi_periph. (constraint file  auto generated constraint, line ).
---------------------------------------------------------------------------------
Finished applying 'set_property' XDC Constraints : Time (s): cpu = 00:00:11 ; elapsed = 00:00:12 . Memory (MB): peak = 876.633 ; gain = 330.012
---------------------------------------------------------------------------------
---------------------------------------------------------------------------------
Finished RTL Optimization Phase 2 : Time (s): cpu = 00:00:11 ; elapsed = 00:00:12 . Memory (MB): peak = 876.633 ; gain = 330.012
---------------------------------------------------------------------------------

Report RTL Partitions: 
+-+--------------+------------+----------+
| |RTL Partition |Replication |Instances |
+-+--------------+------------+----------+
+-+--------------+------------+----------+
---------------------------------------------------------------------------------
Start RTL Component Statistics 
---------------------------------------------------------------------------------
Detailed RTL Component Info : 
---------------------------------------------------------------------------------
Finished RTL Component Statistics 
---------------------------------------------------------------------------------
---------------------------------------------------------------------------------
Start RTL Hierarchical Component Statistics 
---------------------------------------------------------------------------------
Hierarchical RTL Component report 
---------------------------------------------------------------------------------
Finished RTL Hierarchical Component Statistics
---------------------------------------------------------------------------------
---------------------------------------------------------------------------------
Start Part Resource Summary
---------------------------------------------------------------------------------
Part Resources:
DSPs: 120 (col length:60)
BRAMs: 150 (col length: RAMB18 60 RAMB36 30)
---------------------------------------------------------------------------------
Finished Part Resource Summary
---------------------------------------------------------------------------------
---------------------------------------------------------------------------------
Start Cross Boundary and Area Optimization
---------------------------------------------------------------------------------
Warning: Parallel synthesis criteria is not met 
WARNING: [Synth 8-3331] design design_1_microblaze_0_axi_periph_0 has unconnected port ACLK
WARNING: [Synth 8-3331] design design_1_microblaze_0_axi_periph_0 has unconnected port ARESETN
WARNING: [Synth 8-3331] design design_1_microblaze_0_axi_periph_0 has unconnected port M00_ACLK
WARNING: [Synth 8-3331] design design_1_microblaze_0_axi_periph_0 has unconnected port M00_ARESETN
WARNING: [Synth 8-3331] design design_1_microblaze_0_axi_periph_0 has unconnected port S00_ACLK
WARNING: [Synth 8-3331] design design_1_microblaze_0_axi_periph_0 has unconnected port S00_ARESETN
---------------------------------------------------------------------------------
Finished Cross Boundary and Area Optimization : Time (s): cpu = 00:00:12 ; elapsed = 00:00:13 . Memory (MB): peak = 876.633 ; gain = 330.012
---------------------------------------------------------------------------------

Report RTL Partitions: 
+-+--------------+------------+----------+
| |RTL Partition |Replication |Instances |
+-+--------------+------------+----------+
+-+--------------+------------+----------+
---------------------------------------------------------------------------------
Start Applying XDC Timing Constraints
---------------------------------------------------------------------------------
INFO: [Synth 8-5578] Moved timing constraint from pin 'design_1_i/microblaze_0_local_memory/dlmb_bram_if_cntlr/BRAM_Clk_A' to pin 'design_1_i/microblaze_0_local_memory/dlmb_bram_if_cntlr/bbstub_BRAM_Clk_A/O'
INFO: [Synth 8-5578] Moved timing constraint from pin 'design_1_i/microblaze_0_local_memory/ilmb_bram_if_cntlr/BRAM_Clk_A' to pin 'design_1_i/microblaze_0_local_memory/ilmb_bram_if_cntlr/bbstub_BRAM_Clk_A/O'
INFO: [Synth 8-5578] Moved timing constraint from pin 'design_1_i/mdm_1/Dbg_Clk_0' to pin 'design_1_i/mdm_1/bbstub_Dbg_Clk_0/O'
INFO: [Synth 8-5578] Moved timing constraint from pin 'design_1_i/mdm_1/Dbg_Update_0' to pin 'design_1_i/mdm_1/bbstub_Dbg_Update_0/O'
INFO: [Synth 8-5578] Moved timing constraint from pin 'design_1_i/clk_wiz_1/clk_out1' to pin 'design_1_i/clk_wiz_1/bbstub_clk_out1/O'
INFO: [Synth 8-5819] Moved 5 constraints on hierarchical pins to their respective driving/loading pins
---------------------------------------------------------------------------------
Finished Applying XDC Timing Constraints : Time (s): cpu = 00:00:20 ; elapsed = 00:00:21 . Memory (MB): peak = 876.633 ; gain = 330.012
---------------------------------------------------------------------------------
---------------------------------------------------------------------------------
Start Timing Optimization
---------------------------------------------------------------------------------
---------------------------------------------------------------------------------
Finished Timing Optimization : Time (s): cpu = 00:00:20 ; elapsed = 00:00:21 . Memory (MB): peak = 876.633 ; gain = 330.012
---------------------------------------------------------------------------------

Report RTL Partitions: 
+-+--------------+------------+----------+
| |RTL Partition |Replication |Instances |
+-+--------------+------------+----------+
+-+--------------+------------+----------+
---------------------------------------------------------------------------------
Start Technology Mapping
---------------------------------------------------------------------------------
---------------------------------------------------------------------------------
Finished Technology Mapping : Time (s): cpu = 00:00:20 ; elapsed = 00:00:21 . Memory (MB): peak = 885.355 ; gain = 338.734
---------------------------------------------------------------------------------

Report RTL Partitions: 
+-+--------------+------------+----------+
| |RTL Partition |Replication |Instances |
+-+--------------+------------+----------+
+-+--------------+------------+----------+
---------------------------------------------------------------------------------
Start IO Insertion
---------------------------------------------------------------------------------
---------------------------------------------------------------------------------
Start Flattening Before IO Insertion
---------------------------------------------------------------------------------
---------------------------------------------------------------------------------
Finished Flattening Before IO Insertion
---------------------------------------------------------------------------------
---------------------------------------------------------------------------------
Start Final Netlist Cleanup
---------------------------------------------------------------------------------
---------------------------------------------------------------------------------
Finished Final Netlist Cleanup
---------------------------------------------------------------------------------
---------------------------------------------------------------------------------
Finished IO Insertion : Time (s): cpu = 00:00:24 ; elapsed = 00:00:25 . Memory (MB): peak = 900.230 ; gain = 353.609
---------------------------------------------------------------------------------

Report Check Netlist: 
+------+------------------+-------+---------+-------+------------------+
|      |Item              |Errors |Warnings |Status |Description       |
+------+------------------+-------+---------+-------+------------------+
|1     |multi_driven_nets |      0|        0|Passed |Multi driven nets |
+------+------------------+-------+---------+-------+------------------+
---------------------------------------------------------------------------------
Start Renaming Generated Instances
---------------------------------------------------------------------------------
---------------------------------------------------------------------------------
Finished Renaming Generated Instances : Time (s): cpu = 00:00:24 ; elapsed = 00:00:25 . Memory (MB): peak = 900.230 ; gain = 353.609
---------------------------------------------------------------------------------

Report RTL Partitions: 
+-+--------------+------------+----------+
| |RTL Partition |Replication |Instances |
+-+--------------+------------+----------+
+-+--------------+------------+----------+
---------------------------------------------------------------------------------
Start Rebuilding User Hierarchy
---------------------------------------------------------------------------------
---------------------------------------------------------------------------------
Finished Rebuilding User Hierarchy : Time (s): cpu = 00:00:24 ; elapsed = 00:00:25 . Memory (MB): peak = 900.230 ; gain = 353.609
---------------------------------------------------------------------------------
---------------------------------------------------------------------------------
Start Renaming Generated Ports
---------------------------------------------------------------------------------
---------------------------------------------------------------------------------
Finished Renaming Generated Ports : Time (s): cpu = 00:00:24 ; elapsed = 00:00:25 . Memory (MB): peak = 900.230 ; gain = 353.609
---------------------------------------------------------------------------------
---------------------------------------------------------------------------------
Start Handling Custom Attributes
---------------------------------------------------------------------------------
---------------------------------------------------------------------------------
Finished Handling Custom Attributes : Time (s): cpu = 00:00:24 ; elapsed = 00:00:25 . Memory (MB): peak = 900.230 ; gain = 353.609
---------------------------------------------------------------------------------
---------------------------------------------------------------------------------
Start Renaming Generated Nets
---------------------------------------------------------------------------------
---------------------------------------------------------------------------------
Finished Renaming Generated Nets : Time (s): cpu = 00:00:24 ; elapsed = 00:00:25 . Memory (MB): peak = 900.230 ; gain = 353.609
---------------------------------------------------------------------------------
---------------------------------------------------------------------------------
Start Writing Synthesis Report
---------------------------------------------------------------------------------

Report BlackBoxes: 
+------+------------------------------+----------+
|      |BlackBox name                 |Instances |
+------+------------------------------+----------+
|1     |design_1_axi_uartlite_0_0     |         1|
|2     |design_1_clk_wiz_1_0          |         1|
|3     |design_1_mdm_1_0              |         1|
|4     |design_1_microblaze_0_0       |         1|
|5     |design_1_rst_clk_wiz_1_100M_0 |         1|
|6     |design_1_dlmb_bram_if_cntlr_0 |         1|
|7     |design_1_dlmb_v10_0           |         1|
|8     |design_1_ilmb_bram_if_cntlr_0 |         1|
|9     |design_1_ilmb_v10_0           |         1|
|10    |design_1_lmb_bram_0           |         1|
+------+------------------------------+----------+

Report Cell Usage: 
+------+------------------------------+------+
|      |Cell                          |Count |
+------+------------------------------+------+
|1     |design_1_axi_uartlite_0_0     |     1|
|2     |design_1_clk_wiz_1_0          |     1|
|3     |design_1_dlmb_bram_if_cntlr_0 |     1|
|4     |design_1_dlmb_v10_0           |     1|
|5     |design_1_ilmb_bram_if_cntlr_0 |     1|
|6     |design_1_ilmb_v10_0           |     1|
|7     |design_1_lmb_bram_0           |     1|
|8     |design_1_mdm_1_0              |     1|
|9     |design_1_microblaze_0_0       |     1|
|10    |design_1_rst_clk_wiz_1_100M_0 |     1|
|11    |IBUF                          |     3|
|12    |OBUF                          |     1|
+------+------------------------------+------+

Report Instance Areas: 
+------+------------------------------+--------------------------------------+------+
|      |Instance                      |Module                                |Cells |
+------+------------------------------+--------------------------------------+------+
|1     |top                           |                                      |   785|
|2     |  design_1_i                  |design_1                              |   781|
|3     |    microblaze_0_axi_periph   |design_1_microblaze_0_axi_periph_0    |     0|
|4     |    microblaze_0_local_memory |microblaze_0_local_memory_imp_1K0VQXK |   496|
+------+------------------------------+--------------------------------------+------+
---------------------------------------------------------------------------------
Finished Writing Synthesis Report : Time (s): cpu = 00:00:24 ; elapsed = 00:00:25 . Memory (MB): peak = 900.230 ; gain = 353.609
---------------------------------------------------------------------------------
Synthesis finished with 0 errors, 0 critical warnings and 6 warnings.
Synthesis Optimization Runtime : Time (s): cpu = 00:00:17 ; elapsed = 00:00:23 . Memory (MB): peak = 900.230 ; gain = 267.785
Synthesis Optimization Complete : Time (s): cpu = 00:00:24 ; elapsed = 00:00:25 . Memory (MB): peak = 900.230 ; gain = 353.609
INFO: [Project 1-571] Translating synthesized netlist
INFO: [Project 1-570] Preparing netlist for logic optimization
INFO: [Opt 31-138] Pushed 0 inverter(s) to 0 load pin(s).
Netlist sorting complete. Time (s): cpu = 00:00:00 ; elapsed = 00:00:00 . Memory (MB): peak = 916.395 ; gain = 0.000
INFO: [Project 1-111] Unisim Transformation Summary:
No Unisim elements were transformed.

INFO: [Common 17-83] Releasing license: Synthesis
49 Infos, 21 Warnings, 0 Critical Warnings and 0 Errors encountered.
synth_design completed successfully
synth_design: Time (s): cpu = 00:00:30 ; elapsed = 00:00:32 . Memory (MB): peak = 916.395 ; gain = 621.480
Netlist sorting complete. Time (s): cpu = 00:00:00 ; elapsed = 00:00:00 . Memory (MB): peak = 916.395 ; gain = 0.000
WARNING: [Constraints 18-5210] No constraints selected for write.
Resolution: This message can indicate that there are no constraints for the design, or it can indicate that the used_in flags are set such that the constraints are ignored. This later case is used when running synth_design to not write synthesis constraints to the resulting checkpoint. Instead, project constraints are read when the synthesized design is opened.
INFO: [Common 17-1381] The checkpoint 'C:/Users/y.hei/Desktop/Test_Again/project_1/project_1.runs/synth_1/design_1_wrapper.dcp' has been generated.
INFO: [runtcl-4] Executing : report_utilization -file design_1_wrapper_utilization_synth.rpt -pb design_1_wrapper_utilization_synth.pb
INFO: [Common 17-206] Exiting Vivado at Thu Mar  4 12:00:37 2021...
